<?xml version="1.0" encoding="UTF-8"?>
<testng-results ignored="0" total="1" passed="1" failed="0" skipped="0">
  <reporter-output>
  </reporter-output>
  <suite started-at="2022-08-26T13:25:33 IST" name="Default suite" finished-at="2022-08-26T13:26:22 IST" duration-ms="49263">
    <groups>
    </groups>
    <test started-at="2022-08-26T13:25:33 IST" name="Default test" finished-at="2022-08-26T13:26:22 IST" duration-ms="49263">
      <class name="assignment.Day4Assignment3">
        <test-method signature="verifyVersionInAboutAutomateTest()[pri:0, instance:assignment.Day4Assignment3@5ba3f27a]" started-at="2022-08-26T13:25:33 IST" name="verifyVersionInAboutAutomateTest" finished-at="2022-08-26T13:26:22 IST" duration-ms="49238" status="PASS">
          <reporter-output>
          </reporter-output>
        </test-method> <!-- verifyVersionInAboutAutomateTest -->
      </class> <!-- assignment.Day4Assignment3 -->
    </test> <!-- Default test -->
  </suite> <!-- Default suite -->
</testng-results>
