<?xml version="1.0" encoding="UTF-8"?>
<!-- Generated by org.testng.reporters.JUnitXMLReporter -->
<testsuite ignored="0" hostname="NEWPC" failures="2" tests="4" name="Test" time="113.679" errors="0" timestamp="2022-08-25T23:25:04 IST">
  <testcase classname="tests.AboutAutomateTest" name="failAboutAutomateExist" time="37.016">
    <failure type="java.lang.AssertionError" message="Automation version is not visible. expected [false] but found [true]">
      <![CDATA[java.lang.AssertionError: Automation version is not visible. expected [false] but found [true]
at tests.AboutAutomateTest.failAboutAutomateExist(AboutAutomateTest.java:53)
at java.base/java.util.ArrayList.forEach(ArrayList.java:1541)
... Removed 30 stack frames]]>
    </failure>
  </testcase> <!-- failAboutAutomateExist -->
  <testcase classname="tests.AboutAutomateTest" name="verifyAboutAutomateExist" time="31.286"/>
  <testcase classname="tests.FlowTest" name="verifyHelpTest" time="4.357"/>
  <testcase classname="tests.FlowTest" name="verifyThemeChange" time="2.638">
    <failure type="java.lang.RuntimeException" message="Unbale to select Theme">
      <![CDATA[java.lang.RuntimeException: Unbale to select Theme
at pages.SideMenuPage.selectTheme(SideMenuPage.java:57)
at tests.FlowTest.verifyThemeChange(FlowTest.java:46)
at java.base/java.util.ArrayList.forEach(ArrayList.java:1541)
... Removed 27 stack frames]]>
    </failure>
  </testcase> <!-- verifyThemeChange -->
</testsuite> <!-- Test -->
